\BOOKMARK [1][-]{section.1}{Introduction}{}% 1
\BOOKMARK [1][-]{section.2}{Linearized theory of Gravitational waves}{}% 2
\BOOKMARK [1][-]{section.3}{Properties of Gravitational waves}{}% 3
\BOOKMARK [2][-]{subsection.3.1}{Polarization of Gravitational waves}{section.3}% 4
\BOOKMARK [2][-]{subsection.3.2}{Effect of Gravitational waves on objects}{section.3}% 5
\BOOKMARK [3][-]{subsubsection.3.2.1}{Plus polarized effect}{subsection.3.2}% 6
\BOOKMARK [3][-]{subsubsection.3.2.2}{Cross polarized effect}{subsection.3.2}% 7
\BOOKMARK [2][-]{subsection.3.3}{Energy transported by gravitational wave}{section.3}% 8
\BOOKMARK [1][-]{section.4}{Sources of Gravitational waves}{}% 9
\BOOKMARK [2][-]{subsection.4.1}{Single accelerating object in space}{section.4}% 10
\BOOKMARK [2][-]{subsection.4.2}{Revolving Binary Systems}{section.4}% 11
\BOOKMARK [3][-]{subsubsection.4.2.1}{Binary Black Holes \(BBH\)}{subsection.4.2}% 12
\BOOKMARK [3][-]{subsubsection.4.2.2}{Binary Neutron Stars \(BNS\)}{subsection.4.2}% 13
\BOOKMARK [2][-]{subsection.4.3}{Primordial Black Holes}{section.4}% 14
\BOOKMARK [3][-]{subsubsection.4.3.1}{PBH and Stochastic Gravitational Waves}{subsection.4.3}% 15
\BOOKMARK [3][-]{subsubsection.4.3.2}{PBH and Gravitational Wave Bursts}{subsection.4.3}% 16
\BOOKMARK [1][-]{section.5}{Types of Gravitational Waves}{}% 17
\BOOKMARK [1][-]{section.6}{Why study Gravitational Waves}{}% 18
\BOOKMARK [1][-]{section.7}{Indirect Evidences of Gravitational Waves}{}% 19
\BOOKMARK [1][-]{section.8}{Direct search for Gravitational waves}{}% 20
\BOOKMARK [1][-]{section.9}{Detection of Gravitational waves using LIGO }{}% 21
\BOOKMARK [1][-]{section.10}{Conclusion}{}% 22
